  Oculus_3D.cpp
C:\Users\Maciej\Documents\GitHub\Oculus_3D\Oculus_3D\nurbs.h(81,1): warning C4305: "argument": obcięcie z "double" do "float"
C:\Users\Maciej\Documents\GitHub\Oculus_3D\Oculus_3D\nurbs.h(198,1): warning C4305: "inicjowanie": obcięcie z "double" do "float"
C:\Users\Maciej\Documents\GitHub\Oculus_3D\Oculus_3D\nurbs.h(265,22): warning C4018: "<": niezgodność typu ze znakiem/bez znaku
C:\Users\Maciej\Documents\GitHub\Oculus_3D\Oculus_3D\nurbs.h(280,21): warning C4018: "<": niezgodność typu ze znakiem/bez znaku
C:\Users\Maciej\Documents\GitHub\Oculus_3D\Oculus_3D\nurbs.h(288,24): warning C4018: "<": niezgodność typu ze znakiem/bez znaku
C:\Users\Maciej\Documents\GitHub\Oculus_3D\Oculus_3D\nurbs.h(327,21): warning C4018: "<": niezgodność typu ze znakiem/bez znaku
C:\Users\Maciej\Documents\GitHub\Oculus_3D\Oculus_3D\nurbs.h(329,22): warning C4018: "<": niezgodność typu ze znakiem/bez znaku
C:\Users\Maciej\Documents\GitHub\Oculus_3D\Oculus_3D\nurbs.h(339,21): warning C4018: "<": niezgodność typu ze znakiem/bez znaku
C:\Users\Maciej\Documents\GitHub\Oculus_3D\Oculus_3D\nurbs.h(341,22): warning C4018: "<": niezgodność typu ze znakiem/bez znaku
C:\Users\Maciej\Documents\GitHub\Oculus_3D\Oculus_3D\Oculus_3D.cpp(693,74): warning C4244: "argument": konwersja z "float" do "int", możliwa utrata danych
C:\Users\Maciej\Documents\GitHub\Oculus_3D\Oculus_3D\Oculus_3D.cpp(693,64): warning C4244: "argument": konwersja z "float" do "int", możliwa utrata danych
C:\Users\Maciej\Documents\GitHub\Oculus_3D\Oculus_3D\Oculus_3D.cpp(693,54): warning C4244: "argument": konwersja z "float" do "int", możliwa utrata danych
C:\Users\Maciej\Documents\GitHub\Oculus_3D\Oculus_3D\Oculus_3D.cpp(693,44): warning C4244: "argument": konwersja z "float" do "int", możliwa utrata danych
C:\Users\Maciej\Documents\GitHub\Oculus_3D\Oculus_3D\Oculus_3D.cpp(693,34): warning C4244: "argument": konwersja z "float" do "int", możliwa utrata danych
C:\Users\Maciej\Documents\GitHub\Oculus_3D\Oculus_3D\Oculus_3D.cpp(693,24): warning C4244: "argument": konwersja z "float" do "int", możliwa utrata danych
C:\Users\Maciej\Documents\GitHub\Oculus_3D\Oculus_3D\Oculus_3D.cpp(808,74): warning C4244: "argument": konwersja z "float" do "int", możliwa utrata danych
C:\Users\Maciej\Documents\GitHub\Oculus_3D\Oculus_3D\Oculus_3D.cpp(808,64): warning C4244: "argument": konwersja z "float" do "int", możliwa utrata danych
C:\Users\Maciej\Documents\GitHub\Oculus_3D\Oculus_3D\Oculus_3D.cpp(808,54): warning C4244: "argument": konwersja z "float" do "int", możliwa utrata danych
C:\Users\Maciej\Documents\GitHub\Oculus_3D\Oculus_3D\Oculus_3D.cpp(808,44): warning C4244: "argument": konwersja z "float" do "int", możliwa utrata danych
C:\Users\Maciej\Documents\GitHub\Oculus_3D\Oculus_3D\Oculus_3D.cpp(808,34): warning C4244: "argument": konwersja z "float" do "int", możliwa utrata danych
C:\Users\Maciej\Documents\GitHub\Oculus_3D\Oculus_3D\Oculus_3D.cpp(808,24): warning C4244: "argument": konwersja z "float" do "int", możliwa utrata danych
C:\Users\Maciej\Documents\GitHub\Oculus_3D\Oculus_3D\Oculus_3D.cpp(881,50): warning C4244: "argument": konwersja z "float" do "int", możliwa utrata danych
C:\Users\Maciej\Documents\GitHub\Oculus_3D\Oculus_3D\Oculus_3D.cpp(881,40): warning C4244: "argument": konwersja z "float" do "int", możliwa utrata danych
C:\Users\Maciej\Documents\GitHub\Oculus_3D\Oculus_3D\Oculus_3D.cpp(881,30): warning C4244: "argument": konwersja z "float" do "int", możliwa utrata danych
C:\Users\Maciej\Documents\GitHub\Oculus_3D\Oculus_3D\Oculus_3D.cpp(881,20): warning C4244: "argument": konwersja z "float" do "int", możliwa utrata danych
  Oculus_3D.vcxproj -> C:\Users\Maciej\Documents\GitHub\Oculus_3D\Debug\Oculus_3D.exe
