Build started 26.05.2020 13:38:51.
     1>Project "C:\Users\Maciej\Documents\GitHub\Oculus_3D\Oculus_3D\Oculus_3D.vcxproj" on node 2 (Build target(s)).
     1>InitializeBuildStatus:
         Creating "x64\Debug\Oculus_3D.tlog\unsuccessfulbuild" because "AlwaysCreate" was specified.
       ClCompile:
         C:\Program Files (x86)\Microsoft Visual Studio\2017\Community\VC\Tools\MSVC\14.16.27023\bin\HostX86\x64\CL.exe /c /ZI /JMC /nologo /W3 /WX- /diagnostics:classic /sdl /Od /D _DEBUG /D _CONSOLE /D _UNICODE /D UNICODE /Gm- /EHsc /RTC1 /MDd /GS /fp:precise /permissive- /Zc:wchar_t /Zc:forScope /Zc:inline /Fo"x64\Debug\\" /Fd"x64\Debug\vc141.pdb" /Gd /TP /FC /errorReport:prompt nurbs.cpp Oculus_3D.cpp
         nurbs.cpp
         Oculus_3D.cpp
     1>c:\users\maciej\documents\github\oculus_3d\oculus_3d\olcconsolegameengine.h(767): warning C4267: 'initializing': conversion from 'size_t' to 'int', possible loss of data
     1>c:\users\maciej\documents\github\oculus_3d\oculus_3d\olcconsolegameengine.h(1107): warning C4267: 'return': conversion from 'size_t' to 'unsigned int', possible loss of data
     1>c:\users\maciej\documents\github\oculus_3d\oculus_3d\olcconsolegameengine.h(1204): warning C4312: 'type cast': conversion from 'DWORD' to 'olcConsoleGameEngine *' of greater size
     1>c:\users\maciej\documents\github\oculus_3d\oculus_3d\nurbs.h(81): warning C4305: 'argument': truncation from 'double' to 'float'
     1>c:\users\maciej\documents\github\oculus_3d\oculus_3d\nurbs.h(198): warning C4305: 'initializing': truncation from 'double' to 'float'
     1>c:\users\maciej\documents\github\oculus_3d\oculus_3d\oculus_3d.cpp(96): warning C4101: 'temi': unreferenced local variable
     1>c:\users\maciej\documents\github\oculus_3d\oculus_3d\oculus_3d.cpp(786): warning C4244: 'argument': conversion from 'float' to 'int', possible loss of data
     1>c:\users\maciej\documents\github\oculus_3d\oculus_3d\oculus_3d.cpp(901): warning C4244: 'argument': conversion from 'float' to 'int', possible loss of data
     1>c:\users\maciej\documents\github\oculus_3d\oculus_3d\oculus_3d.cpp(974): warning C4244: 'argument': conversion from 'float' to 'int', possible loss of data
         Generating Code...
       Link:
         C:\Program Files (x86)\Microsoft Visual Studio\2017\Community\VC\Tools\MSVC\14.16.27023\bin\HostX86\x64\link.exe /ERRORREPORT:PROMPT /OUT:"C:\Users\Maciej\Documents\GitHub\Oculus_3D\x64\Debug\Oculus_3D.exe" /INCREMENTAL /NOLOGO kernel32.lib user32.lib gdi32.lib winspool.lib comdlg32.lib advapi32.lib shell32.lib ole32.lib oleaut32.lib uuid.lib odbc32.lib odbccp32.lib /MANIFEST /MANIFESTUAC:"level='asInvoker' uiAccess='false'" /manifest:embed /DEBUG:FASTLINK /PDB:"C:\Users\Maciej\Documents\GitHub\Oculus_3D\x64\Debug\Oculus_3D.pdb" /SUBSYSTEM:CONSOLE /TLBID:1 /DYNAMICBASE /NXCOMPAT /IMPLIB:"C:\Users\Maciej\Documents\GitHub\Oculus_3D\x64\Debug\Oculus_3D.lib" /MACHINE:X64 x64\Debug\nurbs.obj
         x64\Debug\Oculus_3D.obj
         Oculus_3D.vcxproj -> C:\Users\Maciej\Documents\GitHub\Oculus_3D\x64\Debug\Oculus_3D.exe
       FinalizeBuildStatus:
         Deleting file "x64\Debug\Oculus_3D.tlog\unsuccessfulbuild".
         Touching "x64\Debug\Oculus_3D.tlog\Oculus_3D.lastbuildstate".
     1>Done Building Project "C:\Users\Maciej\Documents\GitHub\Oculus_3D\Oculus_3D\Oculus_3D.vcxproj" (Build target(s)).

Build succeeded.

       "C:\Users\Maciej\Documents\GitHub\Oculus_3D\Oculus_3D\Oculus_3D.vcxproj" (Build target) (1) ->
       (ClCompile target) -> 
         c:\users\maciej\documents\github\oculus_3d\oculus_3d\olcconsolegameengine.h(767): warning C4267: 'initializing': conversion from 'size_t' to 'int', possible loss of data
         c:\users\maciej\documents\github\oculus_3d\oculus_3d\olcconsolegameengine.h(1107): warning C4267: 'return': conversion from 'size_t' to 'unsigned int', possible loss of data
         c:\users\maciej\documents\github\oculus_3d\oculus_3d\olcconsolegameengine.h(1204): warning C4312: 'type cast': conversion from 'DWORD' to 'olcConsoleGameEngine *' of greater size
         c:\users\maciej\documents\github\oculus_3d\oculus_3d\nurbs.h(81): warning C4305: 'argument': truncation from 'double' to 'float'
         c:\users\maciej\documents\github\oculus_3d\oculus_3d\nurbs.h(198): warning C4305: 'initializing': truncation from 'double' to 'float'
         c:\users\maciej\documents\github\oculus_3d\oculus_3d\oculus_3d.cpp(96): warning C4101: 'temi': unreferenced local variable
         c:\users\maciej\documents\github\oculus_3d\oculus_3d\oculus_3d.cpp(786): warning C4244: 'argument': conversion from 'float' to 'int', possible loss of data
         c:\users\maciej\documents\github\oculus_3d\oculus_3d\oculus_3d.cpp(901): warning C4244: 'argument': conversion from 'float' to 'int', possible loss of data
         c:\users\maciej\documents\github\oculus_3d\oculus_3d\oculus_3d.cpp(974): warning C4244: 'argument': conversion from 'float' to 'int', possible loss of data

    9 Warning(s)
    0 Error(s)

Time Elapsed 00:00:02.44
