  Oculus_3D.cpp
C:\Users\Maciej\Documents\GitHub\Oculus_3D\Oculus_3D\nurbs.h(79,1): warning C4305: "argument": obcięcie z "double" do "float"
C:\Users\Maciej\Documents\GitHub\Oculus_3D\Oculus_3D\nurbs.h(196,1): warning C4305: "inicjowanie": obcięcie z "double" do "float"
C:\Users\Maciej\Documents\GitHub\Oculus_3D\Oculus_3D\nurbs.h(267,22): warning C4018: "<": niezgodność typu ze znakiem/bez znaku
C:\Users\Maciej\Documents\GitHub\Oculus_3D\Oculus_3D\nurbs.h(282,21): warning C4018: "<": niezgodność typu ze znakiem/bez znaku
C:\Users\Maciej\Documents\GitHub\Oculus_3D\Oculus_3D\nurbs.h(290,24): warning C4018: "<": niezgodność typu ze znakiem/bez znaku
C:\Users\Maciej\Documents\GitHub\Oculus_3D\Oculus_3D\nurbs.h(329,21): warning C4018: "<": niezgodność typu ze znakiem/bez znaku
C:\Users\Maciej\Documents\GitHub\Oculus_3D\Oculus_3D\nurbs.h(331,22): warning C4018: "<": niezgodność typu ze znakiem/bez znaku
C:\Users\Maciej\Documents\GitHub\Oculus_3D\Oculus_3D\nurbs.h(341,21): warning C4018: "<": niezgodność typu ze znakiem/bez znaku
C:\Users\Maciej\Documents\GitHub\Oculus_3D\Oculus_3D\nurbs.h(343,22): warning C4018: "<": niezgodność typu ze znakiem/bez znaku
C:\Users\Maciej\Documents\GitHub\Oculus_3D\Oculus_3D\Oculus_3D.cpp(580,74): warning C4244: "argument": konwersja z "float" do "int", możliwa utrata danych
C:\Users\Maciej\Documents\GitHub\Oculus_3D\Oculus_3D\Oculus_3D.cpp(580,64): warning C4244: "argument": konwersja z "float" do "int", możliwa utrata danych
C:\Users\Maciej\Documents\GitHub\Oculus_3D\Oculus_3D\Oculus_3D.cpp(580,54): warning C4244: "argument": konwersja z "float" do "int", możliwa utrata danych
C:\Users\Maciej\Documents\GitHub\Oculus_3D\Oculus_3D\Oculus_3D.cpp(580,44): warning C4244: "argument": konwersja z "float" do "int", możliwa utrata danych
C:\Users\Maciej\Documents\GitHub\Oculus_3D\Oculus_3D\Oculus_3D.cpp(580,34): warning C4244: "argument": konwersja z "float" do "int", możliwa utrata danych
C:\Users\Maciej\Documents\GitHub\Oculus_3D\Oculus_3D\Oculus_3D.cpp(580,24): warning C4244: "argument": konwersja z "float" do "int", możliwa utrata danych
C:\Users\Maciej\Documents\GitHub\Oculus_3D\Oculus_3D\Oculus_3D.cpp(653,50): warning C4244: "argument": konwersja z "float" do "int", możliwa utrata danych
C:\Users\Maciej\Documents\GitHub\Oculus_3D\Oculus_3D\Oculus_3D.cpp(653,40): warning C4244: "argument": konwersja z "float" do "int", możliwa utrata danych
C:\Users\Maciej\Documents\GitHub\Oculus_3D\Oculus_3D\Oculus_3D.cpp(653,30): warning C4244: "argument": konwersja z "float" do "int", możliwa utrata danych
C:\Users\Maciej\Documents\GitHub\Oculus_3D\Oculus_3D\Oculus_3D.cpp(653,20): warning C4244: "argument": konwersja z "float" do "int", możliwa utrata danych
  Trwa generowanie kodu
  1 of 649 functions ( 0.2%) were compiled, the rest were copied from previous compilation.
    0 functions were new in current compilation
    0 functions had inline decision re-evaluated but remain unchanged
  Zakończono generowanie kodu
  Oculus_3D.vcxproj -> C:\Users\Maciej\Documents\GitHub\Oculus_3D\Release\Oculus_3D.exe
